<?xml version="1.0" encoding="UTF-8"?>
<testsuite xmlns:xsi="http://www.w3.org/2001/XMLSchema-instance" xsi:noNamespaceSchemaLocation="https://maven.apache.org/surefire/maven-surefire-plugin/xsd/surefire-test-report-3.0.xsd" version="3.0" name="runner.TestRunner" time="2.134" tests="0" errors="0" skipped="0" failures="0">
  <properties>
    <property name="java.specification.version" value="21"/>
    <property name="sun.jnu.encoding" value="UTF-8"/>
    <property name="java.class.path" value="/home/julian/Documents/ECSE429/partB/target/test-classes:/home/julian/Documents/ECSE429/partB/target/classes:/home/julian/.m2/repository/io/cucumber/cucumber-java/7.18.1/cucumber-java-7.18.1.jar:/home/julian/.m2/repository/io/cucumber/cucumber-core/7.18.1/cucumber-core-7.18.1.jar:/home/julian/.m2/repository/io/cucumber/cucumber-gherkin/7.18.1/cucumber-gherkin-7.18.1.jar:/home/julian/.m2/repository/io/cucumber/cucumber-gherkin-messages/7.18.1/cucumber-gherkin-messages-7.18.1.jar:/home/julian/.m2/repository/io/cucumber/gherkin/28.0.0/gherkin-28.0.0.jar:/home/julian/.m2/repository/io/cucumber/messages/24.1.0/messages-24.1.0.jar:/home/julian/.m2/repository/io/cucumber/testng-xml-formatter/0.2.0/testng-xml-formatter-0.2.0.jar:/home/julian/.m2/repository/io/cucumber/query/12.2.0/query-12.2.0.jar:/home/julian/.m2/repository/io/cucumber/tag-expressions/6.1.0/tag-expressions-6.1.0.jar:/home/julian/.m2/repository/io/cucumber/cucumber-expressions/17.1.0/cucumber-expressions-17.1.0.jar:/home/julian/.m2/repository/io/cucumber/datatable/7.18.1/datatable-7.18.1.jar:/home/julian/.m2/repository/io/cucumber/cucumber-plugin/7.18.1/cucumber-plugin-7.18.1.jar:/home/julian/.m2/repository/io/cucumber/docstring/7.18.1/docstring-7.18.1.jar:/home/julian/.m2/repository/io/cucumber/html-formatter/21.4.1/html-formatter-21.4.1.jar:/home/julian/.m2/repository/io/cucumber/junit-xml-formatter/0.5.0/junit-xml-formatter-0.5.0.jar:/home/julian/.m2/repository/io/cucumber/ci-environment/10.0.1/ci-environment-10.0.1.jar:/home/julian/.m2/repository/org/apiguardian/apiguardian-api/1.1.2/apiguardian-api-1.1.2.jar:/home/julian/.m2/repository/io/cucumber/cucumber-junit-platform-engine/7.18.1/cucumber-junit-platform-engine-7.18.1.jar:/home/julian/.m2/repository/org/junit/platform/junit-platform-engine/1.10.3/junit-platform-engine-1.10.3.jar:/home/julian/.m2/repository/org/junit/platform/junit-platform-suite/1.11.0/junit-platform-suite-1.11.0.jar:/home/julian/.m2/repository/org/junit/platform/junit-platform-suite-api/1.11.0/junit-platform-suite-api-1.11.0.jar:/home/julian/.m2/repository/org/junit/platform/junit-platform-suite-engine/1.11.0/junit-platform-suite-engine-1.11.0.jar:/home/julian/.m2/repository/org/junit/platform/junit-platform-suite-commons/1.11.0/junit-platform-suite-commons-1.11.0.jar:/home/julian/.m2/repository/org/junit/platform/junit-platform-launcher/1.11.0/junit-platform-launcher-1.11.0.jar:/home/julian/.m2/repository/org/junit/jupiter/junit-jupiter-api/5.10.2/junit-jupiter-api-5.10.2.jar:/home/julian/.m2/repository/org/opentest4j/opentest4j/1.3.0/opentest4j-1.3.0.jar:/home/julian/.m2/repository/org/junit/platform/junit-platform-commons/1.10.2/junit-platform-commons-1.10.2.jar:/home/julian/.m2/repository/io/rest-assured/rest-assured/5.4.0/rest-assured-5.4.0.jar:/home/julian/.m2/repository/org/apache/groovy/groovy/4.0.16/groovy-4.0.16.jar:/home/julian/.m2/repository/org/apache/groovy/groovy-xml/4.0.16/groovy-xml-4.0.16.jar:/home/julian/.m2/repository/org/apache/httpcomponents/httpclient/4.5.13/httpclient-4.5.13.jar:/home/julian/.m2/repository/org/apache/httpcomponents/httpcore/4.4.13/httpcore-4.4.13.jar:/home/julian/.m2/repository/commons-logging/commons-logging/1.2/commons-logging-1.2.jar:/home/julian/.m2/repository/commons-codec/commons-codec/1.11/commons-codec-1.11.jar:/home/julian/.m2/repository/org/apache/httpcomponents/httpmime/4.5.13/httpmime-4.5.13.jar:/home/julian/.m2/repository/org/hamcrest/hamcrest/2.2/hamcrest-2.2.jar:/home/julian/.m2/repository/org/ccil/cowan/tagsoup/tagsoup/1.2.1/tagsoup-1.2.1.jar:/home/julian/.m2/repository/io/rest-assured/json-path/5.4.0/json-path-5.4.0.jar:/home/julian/.m2/repository/org/apache/groovy/groovy-json/4.0.16/groovy-json-4.0.16.jar:/home/julian/.m2/repository/io/rest-assured/rest-assured-common/5.4.0/rest-assured-common-5.4.0.jar:/home/julian/.m2/repository/io/rest-assured/xml-path/5.4.0/xml-path-5.4.0.jar:/home/julian/.m2/repository/org/apache/commons/commons-lang3/3.11/commons-lang3-3.11.jar:/home/julian/.m2/repository/com/google/code/gson/gson/2.10.1/gson-2.10.1.jar:/home/julian/.m2/repository/io/cucumber/cucumber-picocontainer/7.18.1/cucumber-picocontainer-7.18.1.jar:/home/julian/.m2/repository/org/picocontainer/picocontainer/2.15/picocontainer-2.15.jar:"/>
    <property name="java.vm.vendor" value="Arch Linux"/>
    <property name="sun.arch.data.model" value="64"/>
    <property name="java.vendor.url" value="https://openjdk.org/"/>
    <property name="user.timezone" value="America/New_York"/>
    <property name="os.name" value="Linux"/>
    <property name="java.vm.specification.version" value="21"/>
    <property name="sun.java.launcher" value="SUN_STANDARD"/>
    <property name="user.country" value="US"/>
    <property name="sun.boot.library.path" value="/usr/lib/jvm/java-21-openjdk/lib"/>
    <property name="sun.java.command" value="/home/julian/Documents/ECSE429/partB/target/surefire/surefirebooter-20251101151915916_3.jar /home/julian/Documents/ECSE429/partB/target/surefire 2025-11-01T15-19-15_869-jvmRun1 surefire-20251101151915916_1tmp surefire_0-20251101151915916_2tmp"/>
    <property name="jdk.debug" value="release"/>
    <property name="surefire.test.class.path" value="/home/julian/Documents/ECSE429/partB/target/test-classes:/home/julian/Documents/ECSE429/partB/target/classes:/home/julian/.m2/repository/io/cucumber/cucumber-java/7.18.1/cucumber-java-7.18.1.jar:/home/julian/.m2/repository/io/cucumber/cucumber-core/7.18.1/cucumber-core-7.18.1.jar:/home/julian/.m2/repository/io/cucumber/cucumber-gherkin/7.18.1/cucumber-gherkin-7.18.1.jar:/home/julian/.m2/repository/io/cucumber/cucumber-gherkin-messages/7.18.1/cucumber-gherkin-messages-7.18.1.jar:/home/julian/.m2/repository/io/cucumber/gherkin/28.0.0/gherkin-28.0.0.jar:/home/julian/.m2/repository/io/cucumber/messages/24.1.0/messages-24.1.0.jar:/home/julian/.m2/repository/io/cucumber/testng-xml-formatter/0.2.0/testng-xml-formatter-0.2.0.jar:/home/julian/.m2/repository/io/cucumber/query/12.2.0/query-12.2.0.jar:/home/julian/.m2/repository/io/cucumber/tag-expressions/6.1.0/tag-expressions-6.1.0.jar:/home/julian/.m2/repository/io/cucumber/cucumber-expressions/17.1.0/cucumber-expressions-17.1.0.jar:/home/julian/.m2/repository/io/cucumber/datatable/7.18.1/datatable-7.18.1.jar:/home/julian/.m2/repository/io/cucumber/cucumber-plugin/7.18.1/cucumber-plugin-7.18.1.jar:/home/julian/.m2/repository/io/cucumber/docstring/7.18.1/docstring-7.18.1.jar:/home/julian/.m2/repository/io/cucumber/html-formatter/21.4.1/html-formatter-21.4.1.jar:/home/julian/.m2/repository/io/cucumber/junit-xml-formatter/0.5.0/junit-xml-formatter-0.5.0.jar:/home/julian/.m2/repository/io/cucumber/ci-environment/10.0.1/ci-environment-10.0.1.jar:/home/julian/.m2/repository/org/apiguardian/apiguardian-api/1.1.2/apiguardian-api-1.1.2.jar:/home/julian/.m2/repository/io/cucumber/cucumber-junit-platform-engine/7.18.1/cucumber-junit-platform-engine-7.18.1.jar:/home/julian/.m2/repository/org/junit/platform/junit-platform-engine/1.10.3/junit-platform-engine-1.10.3.jar:/home/julian/.m2/repository/org/junit/platform/junit-platform-suite/1.11.0/junit-platform-suite-1.11.0.jar:/home/julian/.m2/repository/org/junit/platform/junit-platform-suite-api/1.11.0/junit-platform-suite-api-1.11.0.jar:/home/julian/.m2/repository/org/junit/platform/junit-platform-suite-engine/1.11.0/junit-platform-suite-engine-1.11.0.jar:/home/julian/.m2/repository/org/junit/platform/junit-platform-suite-commons/1.11.0/junit-platform-suite-commons-1.11.0.jar:/home/julian/.m2/repository/org/junit/platform/junit-platform-launcher/1.11.0/junit-platform-launcher-1.11.0.jar:/home/julian/.m2/repository/org/junit/jupiter/junit-jupiter-api/5.10.2/junit-jupiter-api-5.10.2.jar:/home/julian/.m2/repository/org/opentest4j/opentest4j/1.3.0/opentest4j-1.3.0.jar:/home/julian/.m2/repository/org/junit/platform/junit-platform-commons/1.10.2/junit-platform-commons-1.10.2.jar:/home/julian/.m2/repository/io/rest-assured/rest-assured/5.4.0/rest-assured-5.4.0.jar:/home/julian/.m2/repository/org/apache/groovy/groovy/4.0.16/groovy-4.0.16.jar:/home/julian/.m2/repository/org/apache/groovy/groovy-xml/4.0.16/groovy-xml-4.0.16.jar:/home/julian/.m2/repository/org/apache/httpcomponents/httpclient/4.5.13/httpclient-4.5.13.jar:/home/julian/.m2/repository/org/apache/httpcomponents/httpcore/4.4.13/httpcore-4.4.13.jar:/home/julian/.m2/repository/commons-logging/commons-logging/1.2/commons-logging-1.2.jar:/home/julian/.m2/repository/commons-codec/commons-codec/1.11/commons-codec-1.11.jar:/home/julian/.m2/repository/org/apache/httpcomponents/httpmime/4.5.13/httpmime-4.5.13.jar:/home/julian/.m2/repository/org/hamcrest/hamcrest/2.2/hamcrest-2.2.jar:/home/julian/.m2/repository/org/ccil/cowan/tagsoup/tagsoup/1.2.1/tagsoup-1.2.1.jar:/home/julian/.m2/repository/io/rest-assured/json-path/5.4.0/json-path-5.4.0.jar:/home/julian/.m2/repository/org/apache/groovy/groovy-json/4.0.16/groovy-json-4.0.16.jar:/home/julian/.m2/repository/io/rest-assured/rest-assured-common/5.4.0/rest-assured-common-5.4.0.jar:/home/julian/.m2/repository/io/rest-assured/xml-path/5.4.0/xml-path-5.4.0.jar:/home/julian/.m2/repository/org/apache/commons/commons-lang3/3.11/commons-lang3-3.11.jar:/home/julian/.m2/repository/com/google/code/gson/gson/2.10.1/gson-2.10.1.jar:/home/julian/.m2/repository/io/cucumber/cucumber-picocontainer/7.18.1/cucumber-picocontainer-7.18.1.jar:/home/julian/.m2/repository/org/picocontainer/picocontainer/2.15/picocontainer-2.15.jar:"/>
    <property name="sun.cpu.endian" value="little"/>
    <property name="user.home" value="/home/julian"/>
    <property name="user.language" value="en"/>
    <property name="java.specification.vendor" value="Oracle Corporation"/>
    <property name="java.version.date" value="2025-10-21"/>
    <property name="java.home" value="/usr/lib/jvm/java-21-openjdk"/>
    <property name="file.separator" value="/"/>
    <property name="basedir" value="/home/julian/Documents/ECSE429/partB"/>
    <property name="java.vm.compressedOopsMode" value="Zero based"/>
    <property name="line.separator" value="&#10;"/>
    <property name="java.specification.name" value="Java Platform API Specification"/>
    <property name="java.vm.specification.vendor" value="Oracle Corporation"/>
    <property name="surefire.real.class.path" value="/home/julian/Documents/ECSE429/partB/target/surefire/surefirebooter-20251101151915916_3.jar"/>
    <property name="sun.management.compiler" value="HotSpot 64-Bit Tiered Compilers"/>
    <property name="java.runtime.version" value="21.0.9+10"/>
    <property name="user.name" value="julian"/>
    <property name="stdout.encoding" value="UTF-8"/>
    <property name="path.separator" value=":"/>
    <property name="os.version" value="6.17.5-arch1-1"/>
    <property name="java.runtime.name" value="OpenJDK Runtime Environment"/>
    <property name="file.encoding" value="UTF-8"/>
    <property name="java.vm.name" value="OpenJDK 64-Bit Server VM"/>
    <property name="localRepository" value="/home/julian/.m2/repository"/>
    <property name="java.vendor.url.bug" value="https://bugreport.java.com/bugreport/"/>
    <property name="java.io.tmpdir" value="/tmp"/>
    <property name="java.version" value="21.0.9"/>
    <property name="user.dir" value="/home/julian/Documents/ECSE429/partB"/>
    <property name="os.arch" value="amd64"/>
    <property name="java.vm.specification.name" value="Java Virtual Machine Specification"/>
    <property name="native.encoding" value="UTF-8"/>
    <property name="java.library.path" value="/usr/java/packages/lib:/usr/lib64:/lib64:/lib:/usr/lib"/>
    <property name="java.vm.info" value="mixed mode, sharing"/>
    <property name="stderr.encoding" value="UTF-8"/>
    <property name="java.vendor" value="Arch Linux"/>
    <property name="java.vm.version" value="21.0.9+10"/>
    <property name="sun.io.unicode.encoding" value="UnicodeLittle"/>
    <property name="java.class.version" value="65.0"/>
  </properties>
</testsuite>