<?xml version="1.0" encoding="UTF-8"?>
<testsuite xmlns:xsi="http://www.w3.org/2001/XMLSchema-instance" xsi:noNamespaceSchemaLocation="https://maven.apache.org/surefire/maven-surefire-plugin/xsd/surefire-test-report-3.0.xsd" version="3.0" name="projects.UndocumentedProjectsApiTest" time="7.348" tests="8" errors="0" skipped="0" failures="0">
  <properties>
    <property name="java.specification.version" value="25"/>
    <property name="sun.jnu.encoding" value="UTF-8"/>
    <property name="java.class.path" value="/Users/williamzhang/Documents/GitHub/ECSE429/target/test-classes:/Users/williamzhang/Documents/GitHub/ECSE429/target/classes:/Users/williamzhang/.m2/repository/junit/junit/4.13.2/junit-4.13.2.jar:/Users/williamzhang/.m2/repository/org/hamcrest/hamcrest-core/1.3/hamcrest-core-1.3.jar:/Users/williamzhang/.m2/repository/com/fasterxml/jackson/core/jackson-databind/2.17.2/jackson-databind-2.17.2.jar:/Users/williamzhang/.m2/repository/com/fasterxml/jackson/core/jackson-annotations/2.17.2/jackson-annotations-2.17.2.jar:/Users/williamzhang/.m2/repository/com/fasterxml/jackson/core/jackson-core/2.17.2/jackson-core-2.17.2.jar:/Users/williamzhang/.m2/repository/com/fasterxml/jackson/dataformat/jackson-dataformat-xml/2.17.2/jackson-dataformat-xml-2.17.2.jar:/Users/williamzhang/.m2/repository/org/codehaus/woodstox/stax2-api/4.2.2/stax2-api-4.2.2.jar:/Users/williamzhang/.m2/repository/com/fasterxml/woodstox/woodstox-core/6.7.0/woodstox-core-6.7.0.jar:/Users/williamzhang/.m2/repository/org/apache/httpcomponents/httpclient/4.5.14/httpclient-4.5.14.jar:/Users/williamzhang/.m2/repository/org/apache/httpcomponents/httpcore/4.4.16/httpcore-4.4.16.jar:/Users/williamzhang/.m2/repository/commons-logging/commons-logging/1.2/commons-logging-1.2.jar:/Users/williamzhang/.m2/repository/commons-codec/commons-codec/1.11/commons-codec-1.11.jar:"/>
    <property name="java.vm.vendor" value="Homebrew"/>
    <property name="sun.arch.data.model" value="64"/>
    <property name="java.vendor.url" value="https://github.com/Homebrew/homebrew-core/issues"/>
    <property name="os.name" value="Mac OS X"/>
    <property name="java.vm.specification.version" value="25"/>
    <property name="sun.java.launcher" value="SUN_STANDARD"/>
    <property name="user.country" value="CA"/>
    <property name="sun.boot.library.path" value="/opt/homebrew/Cellar/openjdk/25/libexec/openjdk.jdk/Contents/Home/lib"/>
    <property name="sun.java.command" value="/Users/williamzhang/Documents/GitHub/ECSE429/target/surefire/surefirebooter-20251008153423570_3.jar /Users/williamzhang/Documents/GitHub/ECSE429/target/surefire 2025-10-08T15-34-23_521-jvmRun1 surefire-20251008153423570_1tmp surefire_0-20251008153423570_2tmp"/>
    <property name="http.nonProxyHosts" value="local|*.local|169.254/16|*.169.254/16"/>
    <property name="jdk.debug" value="release"/>
    <property name="surefire.test.class.path" value="/Users/williamzhang/Documents/GitHub/ECSE429/target/test-classes:/Users/williamzhang/Documents/GitHub/ECSE429/target/classes:/Users/williamzhang/.m2/repository/junit/junit/4.13.2/junit-4.13.2.jar:/Users/williamzhang/.m2/repository/org/hamcrest/hamcrest-core/1.3/hamcrest-core-1.3.jar:/Users/williamzhang/.m2/repository/com/fasterxml/jackson/core/jackson-databind/2.17.2/jackson-databind-2.17.2.jar:/Users/williamzhang/.m2/repository/com/fasterxml/jackson/core/jackson-annotations/2.17.2/jackson-annotations-2.17.2.jar:/Users/williamzhang/.m2/repository/com/fasterxml/jackson/core/jackson-core/2.17.2/jackson-core-2.17.2.jar:/Users/williamzhang/.m2/repository/com/fasterxml/jackson/dataformat/jackson-dataformat-xml/2.17.2/jackson-dataformat-xml-2.17.2.jar:/Users/williamzhang/.m2/repository/org/codehaus/woodstox/stax2-api/4.2.2/stax2-api-4.2.2.jar:/Users/williamzhang/.m2/repository/com/fasterxml/woodstox/woodstox-core/6.7.0/woodstox-core-6.7.0.jar:/Users/williamzhang/.m2/repository/org/apache/httpcomponents/httpclient/4.5.14/httpclient-4.5.14.jar:/Users/williamzhang/.m2/repository/org/apache/httpcomponents/httpcore/4.4.16/httpcore-4.4.16.jar:/Users/williamzhang/.m2/repository/commons-logging/commons-logging/1.2/commons-logging-1.2.jar:/Users/williamzhang/.m2/repository/commons-codec/commons-codec/1.11/commons-codec-1.11.jar:"/>
    <property name="sun.cpu.endian" value="little"/>
    <property name="user.home" value="/Users/williamzhang"/>
    <property name="user.language" value="en"/>
    <property name="java.specification.vendor" value="Oracle Corporation"/>
    <property name="java.version.date" value="2025-09-16"/>
    <property name="java.home" value="/opt/homebrew/Cellar/openjdk/25/libexec/openjdk.jdk/Contents/Home"/>
    <property name="file.separator" value="/"/>
    <property name="basedir" value="/Users/williamzhang/Documents/GitHub/ECSE429"/>
    <property name="java.vm.compressedOopsMode" value="Zero based"/>
    <property name="line.separator" value="&#10;"/>
    <property name="java.vm.specification.vendor" value="Oracle Corporation"/>
    <property name="java.specification.name" value="Java Platform API Specification"/>
    <property name="apple.awt.application.name" value="ForkedBooter"/>
    <property name="surefire.real.class.path" value="/Users/williamzhang/Documents/GitHub/ECSE429/target/surefire/surefirebooter-20251008153423570_3.jar"/>
    <property name="sun.management.compiler" value="HotSpot 64-Bit Tiered Compilers"/>
    <property name="ftp.nonProxyHosts" value="local|*.local|169.254/16|*.169.254/16"/>
    <property name="java.runtime.version" value="25"/>
    <property name="user.name" value="williamzhang"/>
    <property name="stdout.encoding" value="UTF-8"/>
    <property name="path.separator" value=":"/>
    <property name="os.version" value="15.6.1"/>
    <property name="java.runtime.name" value="OpenJDK Runtime Environment"/>
    <property name="file.encoding" value="UTF-8"/>
    <property name="java.vm.name" value="OpenJDK 64-Bit Server VM"/>
    <property name="java.vendor.version" value="Homebrew"/>
    <property name="localRepository" value="/Users/williamzhang/.m2/repository"/>
    <property name="java.vendor.url.bug" value="https://github.com/Homebrew/homebrew-core/issues"/>
    <property name="java.io.tmpdir" value="/var/folders/qq/k74129797ssfpzmmlwlj82jc0000gn/T/"/>
    <property name="java.version" value="25"/>
    <property name="user.dir" value="/Users/williamzhang/Documents/GitHub/ECSE429"/>
    <property name="os.arch" value="aarch64"/>
    <property name="java.vm.specification.name" value="Java Virtual Machine Specification"/>
    <property name="native.encoding" value="UTF-8"/>
    <property name="java.library.path" value="/Users/williamzhang/Library/Java/Extensions:/Library/Java/Extensions:/Network/Library/Java/Extensions:/System/Library/Java/Extensions:/usr/lib/java:."/>
    <property name="java.vm.info" value="mixed mode, sharing"/>
    <property name="stderr.encoding" value="UTF-8"/>
    <property name="java.vendor" value="Homebrew"/>
    <property name="java.vm.version" value="25"/>
    <property name="stdin.encoding" value="UTF-8"/>
    <property name="sun.io.unicode.encoding" value="UnicodeBig"/>
    <property name="socksNonProxyHosts" value="local|*.local|169.254/16|*.169.254/16"/>
    <property name="java.class.version" value="69.0"/>
  </properties>
  <testcase name="testDeleteProjectsJson" classname="projects.UndocumentedProjectsApiTest" time="0.897">
    <system-out><![CDATA[=======================Starting server...
Server is up and running.

Running testDeleteProjectsJson...
testDeleteProjectsJson passed.

Stopping server...
Server stopped.=======================

]]></system-out>
  </testcase>
  <testcase name="testDeleteProjectsXml" classname="projects.UndocumentedProjectsApiTest" time="0.914">
    <system-out><![CDATA[=======================Starting server...
Server is up and running.

Running testDeleteProjectsXml...
testDeleteProjectsXml passed.

Stopping server...
Server stopped.=======================

]]></system-out>
  </testcase>
  <testcase name="testOptionsProjectsJson" classname="projects.UndocumentedProjectsApiTest" time="0.891">
    <system-out><![CDATA[=======================Starting server...
Server is up and running.

Running testOptionsProjectsJson...
testOptionsProjectsJson passed.

Stopping server...
Server stopped.=======================

]]></system-out>
  </testcase>
  <testcase name="testOptionsProjectsXml" classname="projects.UndocumentedProjectsApiTest" time="0.912">
    <system-out><![CDATA[=======================Starting server...
Server is up and running.

Running testOptionsProjectsXml...
testOptionsProjectsXml passed.

Stopping server...
Server stopped.=======================

]]></system-out>
  </testcase>
  <testcase name="testPatchProjectsJson" classname="projects.UndocumentedProjectsApiTest" time="0.909">
    <system-out><![CDATA[=======================Starting server...
Server is up and running.

Running testPatchProjectsJson...
testPatchProjectsJson passed.

Stopping server...
Server stopped.=======================

]]></system-out>
  </testcase>
  <testcase name="testPatchProjectsXml" classname="projects.UndocumentedProjectsApiTest" time="0.911">
    <system-out><![CDATA[=======================Starting server...
Server is up and running.

Running testPatchProjectsXml...
testPatchProjectsXml passed.

Stopping server...
Server stopped.=======================

]]></system-out>
  </testcase>
  <testcase name="testPutProjectsJson" classname="projects.UndocumentedProjectsApiTest" time="0.992">
    <system-out><![CDATA[=======================Starting server...
Server is up and running.

Running testPutProjectsJson...
testPutProjectsJson passed.

Stopping server...
Server stopped.=======================

]]></system-out>
  </testcase>
  <testcase name="testPutProjectsXml" classname="projects.UndocumentedProjectsApiTest" time="0.914">
    <system-out><![CDATA[=======================Starting server...
Server is up and running.

Running testPutProjectsXml...
testPutProjectsXml passed.

Stopping server...
Server stopped.=======================

]]></system-out>
  </testcase>
</testsuite>