<?xml version="1.0" encoding="UTF-8"?>
<testsuite xmlns:xsi="http://www.w3.org/2001/XMLSchema-instance" xsi:noNamespaceSchemaLocation="https://maven.apache.org/surefire/maven-surefire-plugin/xsd/surefire-test-report-3.0.xsd" version="3.0" name="projects.DocumentedProjectsIdApiTest" time="16.881" tests="17" errors="0" skipped="0" failures="0">
  <properties>
    <property name="java.specification.version" value="25"/>
    <property name="sun.jnu.encoding" value="UTF-8"/>
    <property name="java.class.path" value="/Users/estefania/IdeaProjects/ECSE429/partA/target/test-classes:/Users/estefania/IdeaProjects/ECSE429/partA/target/classes:/Users/estefania/.m2/repository/junit/junit/4.13.2/junit-4.13.2.jar:/Users/estefania/.m2/repository/org/hamcrest/hamcrest-core/1.3/hamcrest-core-1.3.jar:/Users/estefania/.m2/repository/com/fasterxml/jackson/core/jackson-databind/2.17.2/jackson-databind-2.17.2.jar:/Users/estefania/.m2/repository/com/fasterxml/jackson/core/jackson-annotations/2.17.2/jackson-annotations-2.17.2.jar:/Users/estefania/.m2/repository/com/fasterxml/jackson/core/jackson-core/2.17.2/jackson-core-2.17.2.jar:/Users/estefania/.m2/repository/com/fasterxml/jackson/dataformat/jackson-dataformat-xml/2.17.2/jackson-dataformat-xml-2.17.2.jar:/Users/estefania/.m2/repository/org/codehaus/woodstox/stax2-api/4.2.2/stax2-api-4.2.2.jar:/Users/estefania/.m2/repository/com/fasterxml/woodstox/woodstox-core/6.7.0/woodstox-core-6.7.0.jar:/Users/estefania/.m2/repository/org/apache/httpcomponents/httpclient/4.5.14/httpclient-4.5.14.jar:/Users/estefania/.m2/repository/org/apache/httpcomponents/httpcore/4.4.16/httpcore-4.4.16.jar:/Users/estefania/.m2/repository/commons-logging/commons-logging/1.2/commons-logging-1.2.jar:/Users/estefania/.m2/repository/commons-codec/commons-codec/1.11/commons-codec-1.11.jar:"/>
    <property name="java.vm.vendor" value="Homebrew"/>
    <property name="sun.arch.data.model" value="64"/>
    <property name="java.vendor.url" value="https://github.com/Homebrew/homebrew-core/issues"/>
    <property name="user.timezone" value="America/Toronto"/>
    <property name="os.name" value="Mac OS X"/>
    <property name="java.vm.specification.version" value="25"/>
    <property name="sun.java.launcher" value="SUN_STANDARD"/>
    <property name="user.country" value="CA"/>
    <property name="sun.boot.library.path" value="/opt/homebrew/Cellar/openjdk/25/libexec/openjdk.jdk/Contents/Home/lib"/>
    <property name="sun.java.command" value="/Users/estefania/IdeaProjects/ECSE429/partA/target/surefire/surefirebooter-20251024013342544_3.jar /Users/estefania/IdeaProjects/ECSE429/partA/target/surefire 2025-10-24T01-33-42_505-jvmRun1 surefire-20251024013342544_1tmp surefire_0-20251024013342544_2tmp"/>
    <property name="http.nonProxyHosts" value="local|*.local|169.254/16|*.169.254/16"/>
    <property name="jdk.debug" value="release"/>
    <property name="surefire.test.class.path" value="/Users/estefania/IdeaProjects/ECSE429/partA/target/test-classes:/Users/estefania/IdeaProjects/ECSE429/partA/target/classes:/Users/estefania/.m2/repository/junit/junit/4.13.2/junit-4.13.2.jar:/Users/estefania/.m2/repository/org/hamcrest/hamcrest-core/1.3/hamcrest-core-1.3.jar:/Users/estefania/.m2/repository/com/fasterxml/jackson/core/jackson-databind/2.17.2/jackson-databind-2.17.2.jar:/Users/estefania/.m2/repository/com/fasterxml/jackson/core/jackson-annotations/2.17.2/jackson-annotations-2.17.2.jar:/Users/estefania/.m2/repository/com/fasterxml/jackson/core/jackson-core/2.17.2/jackson-core-2.17.2.jar:/Users/estefania/.m2/repository/com/fasterxml/jackson/dataformat/jackson-dataformat-xml/2.17.2/jackson-dataformat-xml-2.17.2.jar:/Users/estefania/.m2/repository/org/codehaus/woodstox/stax2-api/4.2.2/stax2-api-4.2.2.jar:/Users/estefania/.m2/repository/com/fasterxml/woodstox/woodstox-core/6.7.0/woodstox-core-6.7.0.jar:/Users/estefania/.m2/repository/org/apache/httpcomponents/httpclient/4.5.14/httpclient-4.5.14.jar:/Users/estefania/.m2/repository/org/apache/httpcomponents/httpcore/4.4.16/httpcore-4.4.16.jar:/Users/estefania/.m2/repository/commons-logging/commons-logging/1.2/commons-logging-1.2.jar:/Users/estefania/.m2/repository/commons-codec/commons-codec/1.11/commons-codec-1.11.jar:"/>
    <property name="sun.cpu.endian" value="little"/>
    <property name="user.home" value="/Users/estefania"/>
    <property name="user.language" value="en"/>
    <property name="java.specification.vendor" value="Oracle Corporation"/>
    <property name="java.version.date" value="2025-09-16"/>
    <property name="java.home" value="/opt/homebrew/Cellar/openjdk/25/libexec/openjdk.jdk/Contents/Home"/>
    <property name="file.separator" value="/"/>
    <property name="basedir" value="/Users/estefania/IdeaProjects/ECSE429/partA"/>
    <property name="java.vm.compressedOopsMode" value="Zero based"/>
    <property name="line.separator" value="&#10;"/>
    <property name="java.vm.specification.vendor" value="Oracle Corporation"/>
    <property name="java.specification.name" value="Java Platform API Specification"/>
    <property name="apple.awt.application.name" value="ForkedBooter"/>
    <property name="surefire.real.class.path" value="/Users/estefania/IdeaProjects/ECSE429/partA/target/surefire/surefirebooter-20251024013342544_3.jar"/>
    <property name="sun.management.compiler" value="HotSpot 64-Bit Tiered Compilers"/>
    <property name="ftp.nonProxyHosts" value="local|*.local|169.254/16|*.169.254/16"/>
    <property name="java.runtime.version" value="25"/>
    <property name="user.name" value="estefania"/>
    <property name="stdout.encoding" value="UTF-8"/>
    <property name="path.separator" value=":"/>
    <property name="os.version" value="26.0"/>
    <property name="java.runtime.name" value="OpenJDK Runtime Environment"/>
    <property name="file.encoding" value="UTF-8"/>
    <property name="java.vm.name" value="OpenJDK 64-Bit Server VM"/>
    <property name="java.vendor.version" value="Homebrew"/>
    <property name="localRepository" value="/Users/estefania/.m2/repository"/>
    <property name="java.vendor.url.bug" value="https://github.com/Homebrew/homebrew-core/issues"/>
    <property name="java.io.tmpdir" value="/var/folders/9b/q9c8z2t11k993lyt6jjdfxpc0000gn/T/"/>
    <property name="java.version" value="25"/>
    <property name="user.dir" value="/Users/estefania/IdeaProjects/ECSE429/partA"/>
    <property name="os.arch" value="aarch64"/>
    <property name="java.vm.specification.name" value="Java Virtual Machine Specification"/>
    <property name="native.encoding" value="UTF-8"/>
    <property name="java.library.path" value="/Users/estefania/Library/Java/Extensions:/Library/Java/Extensions:/Network/Library/Java/Extensions:/System/Library/Java/Extensions:/usr/lib/java:."/>
    <property name="java.vm.info" value="mixed mode, sharing"/>
    <property name="stderr.encoding" value="UTF-8"/>
    <property name="java.vendor" value="Homebrew"/>
    <property name="java.vm.version" value="25"/>
    <property name="stdin.encoding" value="UTF-8"/>
    <property name="sun.io.unicode.encoding" value="UnicodeBig"/>
    <property name="socksNonProxyHosts" value="local|*.local|169.254/16|*.169.254/16"/>
    <property name="java.class.version" value="69.0"/>
  </properties>
  <testcase name="testDeleteProjectsIdJson" classname="projects.DocumentedProjectsIdApiTest" time="1.002">
    <system-out><![CDATA[=======================Starting server...
Server is up and running.

Running testDeleteProjectsIdJson...
Response code: 200
Response message: OK
Content-Type: application/json
Response body: 
testDeleteProjectsIdJson passed.

Stopping server...
Server stopped.=======================

]]></system-out>
  </testcase>
  <testcase name="testDeleteProjectsIdJsonTwice" classname="projects.DocumentedProjectsIdApiTest" time="1.007">
    <system-out><![CDATA[=======================Starting server...
Server is up and running.

Running testDeleteProjectsIdJsonTwice...
Response code: 404
Response message: Not Found
Content-Type: application/json
Response body: {"errorMessages":["Could not find any instances with projects/1"]}
testDeleteProjectsIdJsonTwice passed.

Stopping server...
Server stopped.=======================

]]></system-out>
  </testcase>
  <testcase name="testDeleteProjectsIdXml" classname="projects.DocumentedProjectsIdApiTest" time="1.025">
    <system-out><![CDATA[=======================Starting server...
Server is up and running.

Running testDeleteProjectsIdXml...
Response body all projects: <projects></projects>
Response code: 200
Response message: OK
Content-Type: application/xml
Response body: 
testDeleteProjectsIdXml passed.

Stopping server...
Server stopped.=======================

]]></system-out>
  </testcase>
  <testcase name="testGetProjectsIdInexistentJson" classname="projects.DocumentedProjectsIdApiTest" time="0.965">
    <system-out><![CDATA[=======================Starting server...
Server is up and running.

Running testGetProjectsIdInexistentJson...
Response code: 404
Response message: Not Found
Content-Type: application/json
Response body: {"errorMessages":["Could not find an instance with projects/inexistent"]}
testGetProjectsIdInexistentJson passed.

Stopping server...
Server stopped.=======================

]]></system-out>
  </testcase>
  <testcase name="testGetProjectsIdInexistentXml" classname="projects.DocumentedProjectsIdApiTest" time="0.987">
    <system-out><![CDATA[=======================Starting server...
Server is up and running.

Running testGetProjectsIdInexistentXml...
Response code: 404
Response message: Not Found
Content-Type: application/xml
Response body: <errorMessages><errorMessage>Could not find an instance with projects/inexistent</errorMessage></errorMessages>
testGetProjectsIdInexistentXml passed.

Stopping server...
Server stopped.=======================

]]></system-out>
  </testcase>
  <testcase name="testGetProjectsIdJson" classname="projects.DocumentedProjectsIdApiTest" time="0.989">
    <system-out><![CDATA[=======================Starting server...
Server is up and running.

Running testGetProjectsIdJson...
testGetProjectsIdJson passed.

Stopping server...
Server stopped.=======================

]]></system-out>
  </testcase>
  <testcase name="testGetProjectsIdXml" classname="projects.DocumentedProjectsIdApiTest" time="0.984">
    <system-out><![CDATA[=======================Starting server...
Server is up and running.

Running testGetProjectsIdXml...
Response code: 200
Response message: OK
Content-Type: application/xml
Response body: <projects><project><active>false</active><description/><id>1</id><completed>false</completed><title>Office Work</title><tasks><id>1</id></tasks><tasks><id>2</id></tasks></project></projects>
testGetProjectsIdXml passed.

Stopping server...
Server stopped.=======================

]]></system-out>
  </testcase>
  <testcase name="testHeadProjectsIdJson" classname="projects.DocumentedProjectsIdApiTest" time="1.005">
    <system-out><![CDATA[=======================Starting server...
Server is up and running.

Running testHeadProjectsIdJson...
Response code: 200
Response message: OK
Content-Type: application/json
Response body: 
testHeadProjectsIdJson passed.

Stopping server...
Server stopped.=======================

]]></system-out>
  </testcase>
  <testcase name="testHeadProjectsIdXml" classname="projects.DocumentedProjectsIdApiTest" time="0.975">
    <system-out><![CDATA[=======================Starting server...
Server is up and running.

Running testHeadProjectsIdXml...
Response code: 200
Response message: OK
Content-Type: application/xml
Response body: 
testHeadProjectsIdXml passed.

Stopping server...
Server stopped.=======================

]]></system-out>
  </testcase>
  <testcase name="testPostNoBodyProjectsIdJson" classname="projects.DocumentedProjectsIdApiTest" time="0.98">
    <system-out><![CDATA[=======================Starting server...
Server is up and running.

Running testPostNoBodyProjectsIdJson...
Response code: 200
Response message: OK
Content-Type: application/json
Response body: {"id":"1","title":"Office Work","completed":"false","active":"false","description":"","tasks":[{"id":"2"},{"id":"1"}]}
testPostNoBodyProjectsIdJson passed.

Stopping server...
Server stopped.=======================

]]></system-out>
  </testcase>
  <testcase name="testPostProjectsIdJson" classname="projects.DocumentedProjectsIdApiTest" time="1.004">
    <system-out><![CDATA[=======================Starting server...
Server is up and running.

Running testPostProjectsIdJson...
Response code: 200
Response message: OK
Content-Type: application/json
Response body: {"id":"1","title":"new project","completed":"false","active":"true","description":"A new project","tasks":[{"id":"1"},{"id":"2"}]}
testPostProjectsIdJson passed.

Stopping server...
Server stopped.=======================

]]></system-out>
  </testcase>
  <testcase name="testPostProjectsIdXml" classname="projects.DocumentedProjectsIdApiTest" time="0.991">
    <system-out><![CDATA[=======================Starting server...
Server is up and running.

Running testPostProjectsIdXml...
Response code: 200
Response message: OK
Content-Type: application/xml
Response body: <project><active>true</active><description>A new project</description><id>1</id><completed>false</completed><title>new project</title><tasks><id>1</id></tasks><tasks><id>2</id></tasks></project>
testPostProjectsIdXml passed.

Stopping server...
Server stopped.=======================

]]></system-out>
  </testcase>
  <testcase name="testPostRandomFieldProjectsIdJson" classname="projects.DocumentedProjectsIdApiTest" time="1.003">
    <system-out><![CDATA[=======================Starting server...
Server is up and running.

Running testPostRandomFieldProjectsIdJson...
Response code: 400
Response message: Bad Request
Content-Type: application/json
Response body: {"errorMessages":["Could not find field: randomField"]}
testPostRandomFieldProjectsIdJson passed.

Stopping server...
Server stopped.=======================

]]></system-out>
  </testcase>
  <testcase name="testPutNoBodyProjectsIdJson" classname="projects.DocumentedProjectsIdApiTest" time="0.974">
    <system-out><![CDATA[=======================Starting server...
Server is up and running.

Running testPutNoBodyProjectsIdJson...
Response code: 200
Response message: OK
Content-Type: application/json
Response body: {"id":"1","title":"","completed":"false","active":"false","description":""}
testPutNoBodyProjectsIdJson passed.

Stopping server...
Server stopped.=======================

]]></system-out>
  </testcase>
  <testcase name="testPutProjectsIdJson" classname="projects.DocumentedProjectsIdApiTest" time="0.986">
    <system-out><![CDATA[=======================Starting server...
Server is up and running.

Running testPutProjectsIdJson...
Response code: 200
Response message: OK
Content-Type: application/xml
Response body: <project><active>true</active><description>A new project</description><id>1</id><completed>false</completed><title>new project</title></project>
testPutProjectsIdJson passed.

Stopping server...
Server stopped.=======================

]]></system-out>
  </testcase>
  <testcase name="testPutProjectsIdXml" classname="projects.DocumentedProjectsIdApiTest" time="1.006">
    <system-out><![CDATA[=======================Starting server...
Server is up and running.

Running testPutProjectsIdXml...
Response code: 200
Response message: OK
Content-Type: application/json
Response body: {"id":"1","title":"new project","completed":"false","active":"true","description":"A new project"}
testPutProjectsIdXml passed.

Stopping server...
Server stopped.=======================

]]></system-out>
  </testcase>
  <testcase name="testPutRandomFieldProjectsIdJson" classname="projects.DocumentedProjectsIdApiTest" time="0.991">
    <system-out><![CDATA[=======================Starting server...
Server is up and running.

Running testPutRandomFieldProjectsIdJson...
Response code: 400
Response message: Bad Request
Content-Type: application/json
Response body: {"errorMessages":["Could not find field: randomField"]}
testPutRandomFieldProjectsIdJson passed.

Stopping server...
Server stopped.=======================

]]></system-out>
  </testcase>
</testsuite>